# JRE version: OpenJDK Runtime Environment Temurin-17.0.11+9 (17.0.11+9) (build 17.0.11+9)
# Java VM: OpenJDK 64-Bit Server VM Temurin-17.0.11+9 (17.0.11+9, mixed mode, emulated-client, tiered, compressed oops, compressed class ptrs, g1 gc, windows-amd64)
GC Precious Log:
 CPUs: 12 total, 12 available
 Memory: 15811M
 Large Page Support: Disabled
 NUMA Support: Disabled
 Compressed Oops: Enabled (32-bit)
 Heap Region Size: 1M
 Heap Min Capacity: 8M
 Heap Initial Capacity: 248M
 Heap Max Capacity: 1G
 Pre-touch: Disabled
 Parallel Workers: 10
 Concurrent Workers: 3
 Concurrent Refinement Workers: 10
 Periodic GC: Disabled
Heap:
 garbage-first heap   total 112640K, used 65313K [0x00000000c0000000, 0x0000000100000000)
  region size 1024K, 32 young (32768K), 0 survivors (0K)
 Metaspace       used 66106K, committed 66624K, reserved 1114112K
  class space    used 8329K, committed 8576K, reserved 1048576K
GC Heap History (20 events):
Event: 38983.772 GC heap before
{Heap before GC invocations=858 (full 716):
 garbage-first heap   total 112640K, used 33559K [0x00000000c0000000, 0x0000000100000000)
  region size 1024K, 1 young (1024K), 0 survivors (0K)
 Metaspace       used 66096K, committed 66624K, reserved 1114112K
  class space    used 8327K, committed 8576K, reserved 1048576K
}
Event: 38983.840 GC heap after
{Heap after GC invocations=859 (full 717):
 garbage-first heap   total 112640K, used 33559K [0x00000000c0000000, 0x0000000100000000)
  region size 1024K, 0 young (0K), 0 survivors (0K)
 Metaspace       used 66096K, committed 66624K, reserved 1114112K
  class space    used 8327K, committed 8576K, reserved 1048576K
}
Event: 38994.068 GC heap before
{Heap before GC invocations=859 (full 717):
 garbage-first heap   total 112640K, used 33559K [0x00000000c0000000, 0x0000000100000000)
  region size 1024K, 1 young (1024K), 0 survivors (0K)
 Metaspace       used 66096K, committed 66624K, reserved 1114112K
  class space    used 8327K, committed 8576K, reserved 1048576K
}
Event: 38994.131 GC heap after
{Heap after GC invocations=860 (full 718):
 garbage-first heap   total 112640K, used 33559K [0x00000000c0000000, 0x0000000100000000)
  region size 1024K, 0 young (0K), 0 survivors (0K)
 Metaspace       used 66096K, committed 66624K, reserved 1114112K
  class space    used 8327K, committed 8576K, reserved 1048576K
}
Event: 39004.597 GC heap before
{Heap before GC invocations=860 (full 718):
 garbage-first heap   total 112640K, used 33559K [0x00000000c0000000, 0x0000000100000000)
  region size 1024K, 1 young (1024K), 0 survivors (0K)
 Metaspace       used 66096K, committed 66624K, reserved 1114112K
  class space    used 8327K, committed 8576K, reserved 1048576K
}
Event: 39004.658 GC heap after
{Heap after GC invocations=861 (full 719):
 garbage-first heap   total 112640K, used 33559K [0x00000000c0000000, 0x0000000100000000)
  region size 1024K, 0 young (0K), 0 survivors (0K)
 Metaspace       used 66096K, committed 66624K, reserved 1114112K
  class space    used 8327K, committed 8576K, reserved 1048576K
}
Event: 39014.886 GC heap before
{Heap before GC invocations=861 (full 719):
 garbage-first heap   total 112640K, used 33559K [0x00000000c0000000, 0x0000000100000000)
  region size 1024K, 1 young (1024K), 0 survivors (0K)
 Metaspace       used 66096K, committed 66624K, reserved 1114112K
  class space    used 8327K, committed 8576K, reserved 1048576K
}
Event: 39014.942 GC heap after
{Heap after GC invocations=862 (full 720):
 garbage-first heap   total 112640K, used 33559K [0x00000000c0000000, 0x0000000100000000)
  region size 1024K, 0 young (0K), 0 survivors (0K)
 Metaspace       used 66096K, committed 66624K, reserved 1114112K
  class space    used 8327K, committed 8576K, reserved 1048576K
}
Event: 39025.188 GC heap before
{Heap before GC invocations=862 (full 720):
 garbage-first heap   total 112640K, used 33559K [0x00000000c0000000, 0x0000000100000000)
  region size 1024K, 1 young (1024K), 0 survivors (0K)
 Metaspace       used 66096K, committed 66624K, reserved 1114112K
  class space    used 8327K, committed 8576K, reserved 1048576K
}
Event: 39025.244 GC heap after
{Heap after GC invocations=863 (full 721):
 garbage-first heap   total 112640K, used 33558K [0x00000000c0000000, 0x0000000100000000)
  region size 1024K, 0 young (0K), 0 survivors (0K)
 Metaspace       used 66096K, committed 66624K, reserved 1114112K
  class space    used 8327K, committed 8576K, reserved 1048576K
}
Event: 39035.476 GC heap before
{Heap before GC invocations=863 (full 721):
 garbage-first heap   total 112640K, used 33558K [0x00000000c0000000, 0x0000000100000000)
  region size 1024K, 1 young (1024K), 0 survivors (0K)
 Metaspace       used 66096K, committed 66624K, reserved 1114112K
  class space    used 8327K, committed 8576K, reserved 1048576K
}
Event: 39035.536 GC heap after
{Heap after GC invocations=864 (full 722):
 garbage-first heap   total 112640K, used 33558K [0x00000000c0000000, 0x0000000100000000)
  region size 1024K, 0 young (0K), 0 survivors (0K)
 Metaspace       used 66096K, committed 66624K, reserved 1114112K
  class space    used 8327K, committed 8576K, reserved 1048576K
}
Event: 39045.771 GC heap before
{Heap before GC invocations=864 (full 722):
 garbage-first heap   total 112640K, used 33558K [0x00000000c0000000, 0x0000000100000000)
  region size 1024K, 1 young (1024K), 0 survivors (0K)
 Metaspace       used 66096K, committed 66624K, reserved 1114112K
  class space    used 8327K, committed 8576K, reserved 1048576K
}
Event: 39045.832 GC heap after
{Heap after GC invocations=865 (full 723):
 garbage-first heap   total 112640K, used 33558K [0x00000000c0000000, 0x0000000100000000)
  region size 1024K, 0 young (0K), 0 survivors (0K)
 Metaspace       used 66096K, committed 66624K, reserved 1114112K
  class space    used 8327K, committed 8576K, reserved 1048576K
}
Event: 39056.174 GC heap before
{Heap before GC invocations=865 (full 723):
 garbage-first heap   total 112640K, used 33558K [0x00000000c0000000, 0x0000000100000000)
  region size 1024K, 1 young (1024K), 0 survivors (0K)
 Metaspace       used 66106K, committed 66624K, reserved 1114112K
  class space    used 8329K, committed 8576K, reserved 1048576K
}
Event: 39056.239 GC heap after
{Heap after GC invocations=866 (full 724):
 garbage-first heap   total 112640K, used 33569K [0x00000000c0000000, 0x0000000100000000)
  region size 1024K, 0 young (0K), 0 survivors (0K)
 Metaspace       used 66106K, committed 66624K, reserved 1114112K
  class space    used 8329K, committed 8576K, reserved 1048576K
}
Event: 39066.503 GC heap before
{Heap before GC invocations=866 (full 724):
 garbage-first heap   total 112640K, used 33569K [0x00000000c0000000, 0x0000000100000000)
  region size 1024K, 1 young (1024K), 0 survivors (0K)
 Metaspace       used 66106K, committed 66624K, reserved 1114112K
  class space    used 8329K, committed 8576K, reserved 1048576K
}
Event: 39066.560 GC heap after
{Heap after GC invocations=867 (full 725):
 garbage-first heap   total 112640K, used 33569K [0x00000000c0000000, 0x0000000100000000)
  region size 1024K, 0 young (0K), 0 survivors (0K)
 Metaspace       used 66106K, committed 66624K, reserved 1114112K
  class space    used 8329K, committed 8576K, reserved 1048576K
}
Event: 39076.959 GC heap before
{Heap before GC invocations=867 (full 725):
 garbage-first heap   total 112640K, used 33569K [0x00000000c0000000, 0x0000000100000000)
  region size 1024K, 1 young (1024K), 0 survivors (0K)
 Metaspace       used 66106K, committed 66624K, reserved 1114112K
  class space    used 8329K, committed 8576K, reserved 1048576K
}
Event: 39077.026 GC heap after
{Heap after GC invocations=868 (full 726):
 garbage-first heap   total 112640K, used 33569K [0x00000000c0000000, 0x0000000100000000)
  region size 1024K, 0 young (0K), 0 survivors (0K)
 Metaspace       used 66106K, committed 66624K, reserved 1114112K
  class space    used 8329K, committed 8576K, reserved 1048576K
}

